[debug] [2022-11-27T09:46:20.057Z] ----------------------------------------------------------------------
[debug] [2022-11-27T09:46:20.059Z] Command:       C:\Program Files\nodejs\node.exe C:\Users\Kalaisurya\AppData\Roaming\npm\node_modules\firebase-tools\lib\bin\firebase.js deploy
[debug] [2022-11-27T09:46:20.059Z] CLI Version:   11.9.0
[debug] [2022-11-27T09:46:20.059Z] Platform:      win32
[debug] [2022-11-27T09:46:20.059Z] Node Version:  v16.15.0
[debug] [2022-11-27T09:46:20.061Z] Time:          Sun Nov 27 2022 15:16:20 GMT+0530 (India Standard Time)
[debug] [2022-11-27T09:46:20.061Z] ----------------------------------------------------------------------
[debug] 
[debug] [2022-11-27T09:46:20.115Z] > command requires scopes: ["email","openid","https://www.googleapis.com/auth/cloudplatformprojects.readonly","https://www.googleapis.com/auth/firebase","https://www.googleapis.com/auth/cloud-platform"]
[debug] [2022-11-27T09:46:20.115Z] > authorizing via signed-in user (kalairoman70@gmail.com)
[debug] [2022-11-27T09:46:20.115Z] [iam] checking project quiz-app-a7468 for permissions ["firebase.projects.get","firebasehosting.sites.update"]
[debug] [2022-11-27T09:46:20.117Z] > refreshing access token with scopes: []
[debug] [2022-11-27T09:46:20.118Z] >>> [apiv2][query] POST https://www.googleapis.com/oauth2/v3/token [none]
[debug] [2022-11-27T09:46:20.118Z] >>> [apiv2][body] POST https://www.googleapis.com/oauth2/v3/token [omitted]
[debug] [2022-11-27T09:46:41.590Z] [iam] error while checking permissions, command may fail: FirebaseError: Authentication Error: Your credentials are no longer valid. Please run firebase login --reauth

For CI servers and headless environments, generate a new token with firebase login:ci
[debug] [2022-11-27T09:46:41.592Z] > refreshing access token with scopes: []
[debug] [2022-11-27T09:46:41.593Z] >>> [apiv2][query] POST https://www.googleapis.com/oauth2/v3/token [none]
[debug] [2022-11-27T09:46:41.594Z] >>> [apiv2][body] POST https://www.googleapis.com/oauth2/v3/token [omitted]
[debug] [2022-11-27T09:47:02.644Z] Authentication Error: Your credentials are no longer valid. Please run firebase login --reauth

For CI servers and headless environments, generate a new token with firebase login:ci
[debug] [2022-11-27T09:47:07.669Z] Error: Timed out.
    at Timeout._onTimeout (C:\Users\Kalaisurya\AppData\Roaming\npm\node_modules\firebase-tools\lib\utils.js:253:49)
    at listOnTimeout (node:internal/timers:559:17)
    at processTimers (node:internal/timers:502:7)
[error] 
[error] Error: An unexpected error has occurred.
